<?xml version="1.0" encoding="UTF-8"?>
<testng-results ignored="0" total="3" passed="3" failed="0" skipped="0">
  <reporter-output>
  </reporter-output>
  <suite started-at="2022-05-09T12:13:57 IST" name="Default suite" finished-at="2022-05-09T12:13:58 IST" duration-ms="1174">
    <groups>
    </groups>
    <test started-at="2022-05-09T12:13:57 IST" name="Default test" finished-at="2022-05-09T12:13:58 IST" duration-ms="1174">
      <class name="dataProvider.DataproviderExcel">
        <test-method signature="test1(java.lang.String,java.lang.String,java.lang.String)[pri:0, instance:dataProvider.DataproviderExcel@a2431d0]" started-at="2022-05-09T12:13:58 IST" name="test1" data-provider="testdata" finished-at="2022-05-09T12:13:58 IST" duration-ms="9" status="PASS">
          <params>
            <param index="0">
              <value>
                <![CDATA[subha1]]>
              </value>
            </param>
            <param index="1">
              <value>
                <![CDATA[subha1@gmail.com]]>
              </value>
            </param>
            <param index="2">
              <value>
                <![CDATA[WB]]>
              </value>
            </param>
          </params>
          <reporter-output>
          </reporter-output>
        </test-method> <!-- test1 -->
        <test-method signature="test1(java.lang.String,java.lang.String,java.lang.String)[pri:0, instance:dataProvider.DataproviderExcel@a2431d0]" started-at="2022-05-09T12:13:58 IST" name="test1" data-provider="testdata" finished-at="2022-05-09T12:13:58 IST" duration-ms="1" status="PASS">
          <params>
            <param index="0">
              <value>
                <![CDATA[subha2]]>
              </value>
            </param>
            <param index="1">
              <value>
                <![CDATA[subha2@gmail.com]]>
              </value>
            </param>
            <param index="2">
              <value>
                <![CDATA[WB]]>
              </value>
            </param>
          </params>
          <reporter-output>
          </reporter-output>
        </test-method> <!-- test1 -->
        <test-method signature="test1(java.lang.String,java.lang.String,java.lang.String)[pri:0, instance:dataProvider.DataproviderExcel@a2431d0]" started-at="2022-05-09T12:13:58 IST" name="test1" data-provider="testdata" finished-at="2022-05-09T12:13:58 IST" duration-ms="1" status="PASS">
          <params>
            <param index="0">
              <value>
                <![CDATA[subha3]]>
              </value>
            </param>
            <param index="1">
              <value>
                <![CDATA[subha3@gmail.com]]>
              </value>
            </param>
            <param index="2">
              <value>
                <![CDATA[WB]]>
              </value>
            </param>
          </params>
          <reporter-output>
          </reporter-output>
        </test-method> <!-- test1 -->
      </class> <!-- dataProvider.DataproviderExcel -->
    </test> <!-- Default test -->
  </suite> <!-- Default suite -->
</testng-results>
