<?xml version="1.0" encoding="UTF-8"?>
<!-- Generated by org.testng.reporters.JUnitXMLReporter -->
<testsuite ignored="0" hostname="SUBHA-DAS" failures="0" tests="6" name="Test" time="0.115" errors="0" timestamp="2022-05-09T11:54:33 IST">
  <testcase classname="listenerConcept.ListenerTest" name="test1" time="0.015"/>
  <testcase classname="listenerConcept.ListenerTest" name="test2" time="0.001"/>
  <testcase classname="listenerConcept.ListenerTest" name="test3" time="0.011">
    <skipped/>
  </testcase> <!-- test3 -->
  <testcase classname="listenerConcept.ListenerTest2" name="test4" time="0.002"/>
  <testcase classname="listenerConcept.ListenerTest2" name="test5" time="0.002"/>
  <testcase classname="listenerConcept.ListenerTest2" name="test6" time="0.002">
    <skipped/>
  </testcase> <!-- test6 -->
</testsuite> <!-- Test -->
